#
# There is insufficient memory for the Java Runtime Environment to continue.
# Native memory allocation (malloc) failed to allocate 435264 bytes for Chunk::new
# Possible reasons:
#   The system is out of physical RAM or swap space
#   The process is running with CompressedOops enabled, and the Java Heap may be blocking the growth of the native heap
# Possible solutions:
#   Reduce memory load on the system
#   Increase physical memory or swap space
#   Check if swap backing store is full
#   Decrease Java heap size (-Xmx/-Xms)
#   Decrease number of Java threads
#   Decrease Java thread stack sizes (-Xss)
#   Set larger code cache with -XX:ReservedCodeCacheSize=
#   JVM is running with Unscaled Compressed Oops mode in which the Java heap is
#     placed in the first 4GB address space. The Java Heap base address is the
#     maximum limit for the native heap growth. Please use -XX:HeapBaseMinAddress
#     to set the Java Heap base and to place the Java Heap above 4GB virtual address.
# This output file may be truncated or incomplete.
#
#  Out of Memory Error (arena.cpp:189), pid=24288, tid=27224
#
# JRE version: Java(TM) SE Runtime Environment (17.0.2+8) (build 17.0.2+8-LTS-86)
# Java VM: Java HotSpot(TM) 64-Bit Server VM (17.0.2+8-LTS-86, mixed mode, sharing, tiered, compressed oops, compressed class ptrs, g1 gc, windows-amd64)
# No core dump will be written. Minidumps are not enabled by default on client versions of Windows
#

---------------  S U M M A R Y ------------

Command Line: -Dfile.encoding=UTF-8 --module-path=C:\Users\Igor\Documents\NetBeansProjects\Electricity Billing System\build\classes electricity.billing.system.Project

Host: Intel(R) Core(TM) i5-10210U CPU @ 1.60GHz, 8 cores, 7G,  Windows 10 , 64 bit Build 19041 (10.0.19041.1706)
Time: Wed Jun  8 23:47:36 2022 Central European Daylight Time elapsed time: 0.399683 seconds (0d 0h 0m 0s)

---------------  T H R E A D  ---------------

Current thread (0x00000150a28368e0):  JavaThread "C2 CompilerThread0" daemon [_thread_in_native, id=27224, stack(0x000000095cf00000,0x000000095d000000)]


Current CompileTask:
C2:    399  772 % !   4       sun.awt.image.PNGImageDecoder::produceImage @ 960 (1917 bytes)

Stack: [0x000000095cf00000,0x000000095d000000]
Native frames: (J=compiled Java code, j=interpreted, Vv=VM code, C=native code)
V  [jvm.dll+0x670baa]
V  [jvm.dll+0x7cfcb4]
V  [jvm.dll+0x7d145e]
V  [jvm.dll+0x7d1ac3]
V  [jvm.dll+0x242bc5]
V  [jvm.dll+0xaa57b]
V  [jvm.dll+0xaab0c]
V  [jvm.dll+0x35fd07]
V  [jvm.dll+0x32a331]
V  [jvm.dll+0x3297da]
V  [jvm.dll+0x215c91]
V  [jvm.dll+0x2150b1]
V  [jvm.dll+0x1a1bbd]
V  [jvm.dll+0x224908]
V  [jvm.dll+0x222a6c]
V  [jvm.dll+0x7859bb]
V  [jvm.dll+0x77ff7a]
V  [jvm.dll+0x66fa35]
C  [ucrtbase.dll+0x21bb2]
C  [KERNEL32.DLL+0x17034]
C  [ntdll.dll+0x52651]


---------------  P R O C E S S  ---------------

Threads class SMR info:
_java_thread_list=0x00000150a36aba90, length=18, elements={
0x0000015082893290, 0x00000150a281f7d0, 0x00000150a2820550, 0x00000150a2831360,
0x00000150a2833c30, 0x00000150a28344f0, 0x00000150a2835550, 0x00000150a28368e0,
0x00000150a283d550, 0x00000150a283e5f0, 0x00000150a2809930, 0x00000150a34e5130,
0x00000150a357a050, 0x00000150a357a520, 0x00000150a36d33d0, 0x00000150a3754430,
0x00000150a3798aa0, 0x00000150a37e0b00
}

Java Threads: ( => current thread )
  0x0000015082893290 JavaThread "main" [_thread_blocked, id=25268, stack(0x000000095c200000,0x000000095c300000)]
  0x00000150a281f7d0 JavaThread "Reference Handler" daemon [_thread_blocked, id=17012, stack(0x000000095c900000,0x000000095ca00000)]
  0x00000150a2820550 JavaThread "Finalizer" daemon [_thread_blocked, id=25256, stack(0x000000095ca00000,0x000000095cb00000)]
  0x00000150a2831360 JavaThread "Signal Dispatcher" daemon [_thread_blocked, id=18952, stack(0x000000095cb00000,0x000000095cc00000)]
  0x00000150a2833c30 JavaThread "Attach Listener" daemon [_thread_blocked, id=29688, stack(0x000000095cc00000,0x000000095cd00000)]
  0x00000150a28344f0 JavaThread "Service Thread" daemon [_thread_blocked, id=29056, stack(0x000000095cd00000,0x000000095ce00000)]
  0x00000150a2835550 JavaThread "Monitor Deflation Thread" daemon [_thread_blocked, id=24068, stack(0x000000095ce00000,0x000000095cf00000)]
=>0x00000150a28368e0 JavaThread "C2 CompilerThread0" daemon [_thread_in_native, id=27224, stack(0x000000095cf00000,0x000000095d000000)]
  0x00000150a283d550 JavaThread "C1 CompilerThread0" daemon [_thread_blocked, id=25752, stack(0x000000095d000000,0x000000095d100000)]
  0x00000150a283e5f0 JavaThread "Sweeper thread" daemon [_thread_blocked, id=8520, stack(0x000000095d100000,0x000000095d200000)]
  0x00000150a2809930 JavaThread "Common-Cleaner" daemon [_thread_blocked, id=29584, stack(0x000000095d200000,0x000000095d300000)]
  0x00000150a34e5130 JavaThread "Notification Thread" daemon [_thread_blocked, id=8532, stack(0x000000095d300000,0x000000095d400000)]
  0x00000150a357a050 JavaThread "Java2D Disposer" daemon [_thread_blocked, id=23284, stack(0x000000095d500000,0x000000095d600000)]
  0x00000150a357a520 JavaThread "AWT-Shutdown" [_thread_blocked, id=1944, stack(0x000000095d600000,0x000000095d700000)]
  0x00000150a36d33d0 JavaThread "AWT-Windows" daemon [_thread_in_native, id=26528, stack(0x000000095d700000,0x000000095d800000)]
  0x00000150a3754430 JavaThread "AWT-EventQueue-0" [_thread_blocked, id=27692, stack(0x000000095d800000,0x000000095d900000)]
  0x00000150a3798aa0 JavaThread "Image Fetcher 0" daemon [_thread_blocked, id=13920, stack(0x000000095d900000,0x000000095da00000)]
  0x00000150a37e0b00 JavaThread "Image Fetcher 1" daemon [_thread_in_Java, id=26576, stack(0x000000095da00000,0x000000095db00000)]

Other Threads:
  0x00000150a2819520 VMThread "VM Thread" [stack: 0x000000095c800000,0x000000095c900000] [id=2800]
  0x00000150828f7e10 WatcherThread [stack: 0x000000095d400000,0x000000095d500000] [id=27640]
  0x00000150828cfd00 GCTaskThread "GC Thread#0" [stack: 0x000000095c300000,0x000000095c400000] [id=28520]
  0x00000150828e26c0 ConcurrentGCThread "G1 Main Marker" [stack: 0x000000095c400000,0x000000095c500000] [id=19308]
  0x00000150828e2fe0 ConcurrentGCThread "G1 Conc#0" [stack: 0x000000095c500000,0x000000095c600000] [id=15996]
  0x000001508295f390 ConcurrentGCThread "G1 Refine#0" [stack: 0x000000095c600000,0x000000095c700000] [id=24932]
  0x000001508295fcc0 ConcurrentGCThread "G1 Service" [stack: 0x000000095c700000,0x000000095c800000] [id=13792]

Threads with active compile tasks:
C2 CompilerThread0      424  772 % !   4       sun.awt.image.PNGImageDecoder::produceImage @ 960 (1917 bytes)

VM state: not at safepoint (normal execution)

VM Mutex/Monitor currently owned by a thread: None

Heap address: 0x0000000082c00000, size: 2004 MB, Compressed Oops mode: 32-bit

CDS archive(s) mapped at: [0x0000000800000000-0x0000000800bc0000-0x0000000800bc0000), size 12320768, SharedBaseAddress: 0x0000000800000000, ArchiveRelocationMode: 0.
Compressed class space mapped at: 0x0000000800c00000-0x0000000840c00000, reserved size: 1073741824
Narrow klass base: 0x0000000800000000, Narrow klass shift: 0, Narrow klass range: 0x100000000

GC Precious Log:
 CPUs: 8 total, 8 available
 Memory: 8014M
 Large Page Support: Disabled
 NUMA Support: Disabled
 Compressed Oops: Enabled (32-bit)
 Heap Region Size: 1M
 Heap Min Capacity: 8M
 Heap Initial Capacity: 126M
 Heap Max Capacity: 2004M
 Pre-touch: Disabled
 Parallel Workers: 8
 Concurrent Workers: 2
 Concurrent Refinement Workers: 8
 Periodic GC: Disabled

Heap:
 garbage-first heap   total 129024K, used 41984K [0x0000000082c00000, 0x0000000100000000)
  region size 1024K, 15 young (15360K), 0 survivors (0K)
 Metaspace       used 7023K, committed 7232K, reserved 1056768K
  class space    used 765K, committed 896K, reserved 1048576K

Heap Regions: E=young(eden), S=young(survivor), O=old, HS=humongous(starts), HC=humongous(continues), CS=collection set, F=free, OA=open archive, CA=closed archive, TAMS=top-at-mark-start (previous, next)
|   0|0x0000000082c00000, 0x0000000082d00000, 0x0000000082d00000|100%|HS|  |TAMS 0x0000000082c00000, 0x0000000082c00000| Complete 
|   1|0x0000000082d00000, 0x0000000082e00000, 0x0000000082e00000|100%|HC|  |TAMS 0x0000000082d00000, 0x0000000082d00000| Complete 
|   2|0x0000000082e00000, 0x0000000082f00000, 0x0000000082f00000|100%|HC|  |TAMS 0x0000000082e00000, 0x0000000082e00000| Complete 
|   3|0x0000000082f00000, 0x0000000083000000, 0x0000000083000000|100%|HC|  |TAMS 0x0000000082f00000, 0x0000000082f00000| Complete 
|   4|0x0000000083000000, 0x0000000083100000, 0x0000000083100000|100%|HC|  |TAMS 0x0000000083000000, 0x0000000083000000| Complete 
|   5|0x0000000083100000, 0x0000000083200000, 0x0000000083200000|100%|HC|  |TAMS 0x0000000083100000, 0x0000000083100000| Complete 
|   6|0x0000000083200000, 0x0000000083300000, 0x0000000083300000|100%|HC|  |TAMS 0x0000000083200000, 0x0000000083200000| Complete 
|   7|0x0000000083300000, 0x0000000083400000, 0x0000000083400000|100%|HC|  |TAMS 0x0000000083300000, 0x0000000083300000| Complete 
|   8|0x0000000083400000, 0x0000000083500000, 0x0000000083500000|100%|HS|  |TAMS 0x0000000083400000, 0x0000000083400000| Complete 
|   9|0x0000000083500000, 0x0000000083600000, 0x0000000083600000|100%|HC|  |TAMS 0x0000000083500000, 0x0000000083500000| Complete 
|  10|0x0000000083600000, 0x0000000083700000, 0x0000000083700000|100%|HS|  |TAMS 0x0000000083600000, 0x0000000083600000| Complete 
|  11|0x0000000083700000, 0x0000000083800000, 0x0000000083800000|100%|HC|  |TAMS 0x0000000083700000, 0x0000000083700000| Complete 
|  12|0x0000000083800000, 0x0000000083900000, 0x0000000083900000|100%|HC|  |TAMS 0x0000000083800000, 0x0000000083800000| Complete 
|  13|0x0000000083900000, 0x0000000083a00000, 0x0000000083a00000|100%|HC|  |TAMS 0x0000000083900000, 0x0000000083900000| Complete 
|  14|0x0000000083a00000, 0x0000000083b00000, 0x0000000083b00000|100%|HC|  |TAMS 0x0000000083a00000, 0x0000000083a00000| Complete 
|  15|0x0000000083b00000, 0x0000000083c00000, 0x0000000083c00000|100%|HC|  |TAMS 0x0000000083b00000, 0x0000000083b00000| Complete 
|  16|0x0000000083c00000, 0x0000000083d00000, 0x0000000083d00000|100%|HC|  |TAMS 0x0000000083c00000, 0x0000000083c00000| Complete 
|  17|0x0000000083d00000, 0x0000000083e00000, 0x0000000083e00000|100%|HC|  |TAMS 0x0000000083d00000, 0x0000000083d00000| Complete 
|  18|0x0000000083e00000, 0x0000000083f00000, 0x0000000083f00000|100%|HC|  |TAMS 0x0000000083e00000, 0x0000000083e00000| Complete 
|  19|0x0000000083f00000, 0x0000000084000000, 0x0000000084000000|100%|HC|  |TAMS 0x0000000083f00000, 0x0000000083f00000| Complete 
|  20|0x0000000084000000, 0x0000000084100000, 0x0000000084100000|100%|HC|  |TAMS 0x0000000084000000, 0x0000000084000000| Complete 
|  21|0x0000000084100000, 0x0000000084200000, 0x0000000084200000|100%|HC|  |TAMS 0x0000000084100000, 0x0000000084100000| Complete 
|  22|0x0000000084200000, 0x0000000084300000, 0x0000000084300000|100%|HC|  |TAMS 0x0000000084200000, 0x0000000084200000| Complete 
|  23|0x0000000084300000, 0x0000000084400000, 0x0000000084400000|100%|HC|  |TAMS 0x0000000084300000, 0x0000000084300000| Complete 
|  24|0x0000000084400000, 0x0000000084500000, 0x0000000084500000|100%|HC|  |TAMS 0x0000000084400000, 0x0000000084400000| Complete 
|  25|0x0000000084500000, 0x0000000084600000, 0x0000000084600000|100%|HC|  |TAMS 0x0000000084500000, 0x0000000084500000| Complete 
|  26|0x0000000084600000, 0x0000000084700000, 0x0000000084700000|100%|HC|  |TAMS 0x0000000084600000, 0x0000000084600000| Complete 
|  27|0x0000000084700000, 0x0000000084700000, 0x0000000084800000|  0%| F|  |TAMS 0x0000000084700000, 0x0000000084700000| Untracked 
|  28|0x0000000084800000, 0x0000000084800000, 0x0000000084900000|  0%| F|  |TAMS 0x0000000084800000, 0x0000000084800000| Untracked 
|  29|0x0000000084900000, 0x0000000084900000, 0x0000000084a00000|  0%| F|  |TAMS 0x0000000084900000, 0x0000000084900000| Untracked 
|  30|0x0000000084a00000, 0x0000000084a00000, 0x0000000084b00000|  0%| F|  |TAMS 0x0000000084a00000, 0x0000000084a00000| Untracked 
|  31|0x0000000084b00000, 0x0000000084b00000, 0x0000000084c00000|  0%| F|  |TAMS 0x0000000084b00000, 0x0000000084b00000| Untracked 
|  32|0x0000000084c00000, 0x0000000084c00000, 0x0000000084d00000|  0%| F|  |TAMS 0x0000000084c00000, 0x0000000084c00000| Untracked 
|  33|0x0000000084d00000, 0x0000000084d00000, 0x0000000084e00000|  0%| F|  |TAMS 0x0000000084d00000, 0x0000000084d00000| Untracked 
|  34|0x0000000084e00000, 0x0000000084e00000, 0x0000000084f00000|  0%| F|  |TAMS 0x0000000084e00000, 0x0000000084e00000| Untracked 
|  35|0x0000000084f00000, 0x0000000084f00000, 0x0000000085000000|  0%| F|  |TAMS 0x0000000084f00000, 0x0000000084f00000| Untracked 
|  36|0x0000000085000000, 0x0000000085000000, 0x0000000085100000|  0%| F|  |TAMS 0x0000000085000000, 0x0000000085000000| Untracked 
|  37|0x0000000085100000, 0x0000000085100000, 0x0000000085200000|  0%| F|  |TAMS 0x0000000085100000, 0x0000000085100000| Untracked 
|  38|0x0000000085200000, 0x0000000085200000, 0x0000000085300000|  0%| F|  |TAMS 0x0000000085200000, 0x0000000085200000| Untracked 
|  39|0x0000000085300000, 0x0000000085300000, 0x0000000085400000|  0%| F|  |TAMS 0x0000000085300000, 0x0000000085300000| Untracked 
|  40|0x0000000085400000, 0x0000000085400000, 0x0000000085500000|  0%| F|  |TAMS 0x0000000085400000, 0x0000000085400000| Untracked 
|  41|0x0000000085500000, 0x0000000085500000, 0x0000000085600000|  0%| F|  |TAMS 0x0000000085500000, 0x0000000085500000| Untracked 
|  42|0x0000000085600000, 0x0000000085600000, 0x0000000085700000|  0%| F|  |TAMS 0x0000000085600000, 0x0000000085600000| Untracked 
|  43|0x0000000085700000, 0x0000000085700000, 0x0000000085800000|  0%| F|  |TAMS 0x0000000085700000, 0x0000000085700000| Untracked 
|  44|0x0000000085800000, 0x0000000085800000, 0x0000000085900000|  0%| F|  |TAMS 0x0000000085800000, 0x0000000085800000| Untracked 
|  45|0x0000000085900000, 0x0000000085900000, 0x0000000085a00000|  0%| F|  |TAMS 0x0000000085900000, 0x0000000085900000| Untracked 
|  46|0x0000000085a00000, 0x0000000085a00000, 0x0000000085b00000|  0%| F|  |TAMS 0x0000000085a00000, 0x0000000085a00000| Untracked 
|  47|0x0000000085b00000, 0x0000000085b00000, 0x0000000085c00000|  0%| F|  |TAMS 0x0000000085b00000, 0x0000000085b00000| Untracked 
|  48|0x0000000085c00000, 0x0000000085c00000, 0x0000000085d00000|  0%| F|  |TAMS 0x0000000085c00000, 0x0000000085c00000| Untracked 
|  49|0x0000000085d00000, 0x0000000085d00000, 0x0000000085e00000|  0%| F|  |TAMS 0x0000000085d00000, 0x0000000085d00000| Untracked 
|  50|0x0000000085e00000, 0x0000000085e00000, 0x0000000085f00000|  0%| F|  |TAMS 0x0000000085e00000, 0x0000000085e00000| Untracked 
|  51|0x0000000085f00000, 0x0000000085f00000, 0x0000000086000000|  0%| F|  |TAMS 0x0000000085f00000, 0x0000000085f00000| Untracked 
|  52|0x0000000086000000, 0x0000000086000000, 0x0000000086100000|  0%| F|  |TAMS 0x0000000086000000, 0x0000000086000000| Untracked 
|  53|0x0000000086100000, 0x0000000086100000, 0x0000000086200000|  0%| F|  |TAMS 0x0000000086100000, 0x0000000086100000| Untracked 
|  54|0x0000000086200000, 0x0000000086200000, 0x0000000086300000|  0%| F|  |TAMS 0x0000000086200000, 0x0000000086200000| Untracked 
|  55|0x0000000086300000, 0x0000000086300000, 0x0000000086400000|  0%| F|  |TAMS 0x0000000086300000, 0x0000000086300000| Untracked 
|  56|0x0000000086400000, 0x0000000086400000, 0x0000000086500000|  0%| F|  |TAMS 0x0000000086400000, 0x0000000086400000| Untracked 
|  57|0x0000000086500000, 0x0000000086500000, 0x0000000086600000|  0%| F|  |TAMS 0x0000000086500000, 0x0000000086500000| Untracked 
|  58|0x0000000086600000, 0x0000000086600000, 0x0000000086700000|  0%| F|  |TAMS 0x0000000086600000, 0x0000000086600000| Untracked 
|  59|0x0000000086700000, 0x0000000086700000, 0x0000000086800000|  0%| F|  |TAMS 0x0000000086700000, 0x0000000086700000| Untracked 
|  60|0x0000000086800000, 0x0000000086800000, 0x0000000086900000|  0%| F|  |TAMS 0x0000000086800000, 0x0000000086800000| Untracked 
|  61|0x0000000086900000, 0x0000000086900000, 0x0000000086a00000|  0%| F|  |TAMS 0x0000000086900000, 0x0000000086900000| Untracked 
|  62|0x0000000086a00000, 0x0000000086a00000, 0x0000000086b00000|  0%| F|  |TAMS 0x0000000086a00000, 0x0000000086a00000| Untracked 
|  63|0x0000000086b00000, 0x0000000086b00000, 0x0000000086c00000|  0%| F|  |TAMS 0x0000000086b00000, 0x0000000086b00000| Untracked 
|  64|0x0000000086c00000, 0x0000000086c00000, 0x0000000086d00000|  0%| F|  |TAMS 0x0000000086c00000, 0x0000000086c00000| Untracked 
|  65|0x0000000086d00000, 0x0000000086d00000, 0x0000000086e00000|  0%| F|  |TAMS 0x0000000086d00000, 0x0000000086d00000| Untracked 
|  66|0x0000000086e00000, 0x0000000086e00000, 0x0000000086f00000|  0%| F|  |TAMS 0x0000000086e00000, 0x0000000086e00000| Untracked 
|  67|0x0000000086f00000, 0x0000000086f00000, 0x0000000087000000|  0%| F|  |TAMS 0x0000000086f00000, 0x0000000086f00000| Untracked 
|  68|0x0000000087000000, 0x0000000087000000, 0x0000000087100000|  0%| F|  |TAMS 0x0000000087000000, 0x0000000087000000| Untracked 
|  69|0x0000000087100000, 0x0000000087100000, 0x0000000087200000|  0%| F|  |TAMS 0x0000000087100000, 0x0000000087100000| Untracked 
|  70|0x0000000087200000, 0x0000000087200000, 0x0000000087300000|  0%| F|  |TAMS 0x0000000087200000, 0x0000000087200000| Untracked 
|  71|0x0000000087300000, 0x0000000087300000, 0x0000000087400000|  0%| F|  |TAMS 0x0000000087300000, 0x0000000087300000| Untracked 
|  72|0x0000000087400000, 0x0000000087400000, 0x0000000087500000|  0%| F|  |TAMS 0x0000000087400000, 0x0000000087400000| Untracked 
|  73|0x0000000087500000, 0x0000000087500000, 0x0000000087600000|  0%| F|  |TAMS 0x0000000087500000, 0x0000000087500000| Untracked 
|  74|0x0000000087600000, 0x0000000087600000, 0x0000000087700000|  0%| F|  |TAMS 0x0000000087600000, 0x0000000087600000| Untracked 
|  75|0x0000000087700000, 0x0000000087700000, 0x0000000087800000|  0%| F|  |TAMS 0x0000000087700000, 0x0000000087700000| Untracked 
|  76|0x0000000087800000, 0x0000000087800000, 0x0000000087900000|  0%| F|  |TAMS 0x0000000087800000, 0x0000000087800000| Untracked 
|  77|0x0000000087900000, 0x0000000087900000, 0x0000000087a00000|  0%| F|  |TAMS 0x0000000087900000, 0x0000000087900000| Untracked 
|  78|0x0000000087a00000, 0x0000000087a00000, 0x0000000087b00000|  0%| F|  |TAMS 0x0000000087a00000, 0x0000000087a00000| Untracked 
|  79|0x0000000087b00000, 0x0000000087b00000, 0x0000000087c00000|  0%| F|  |TAMS 0x0000000087b00000, 0x0000000087b00000| Untracked 
|  80|0x0000000087c00000, 0x0000000087c00000, 0x0000000087d00000|  0%| F|  |TAMS 0x0000000087c00000, 0x0000000087c00000| Untracked 
|  81|0x0000000087d00000, 0x0000000087d00000, 0x0000000087e00000|  0%| F|  |TAMS 0x0000000087d00000, 0x0000000087d00000| Untracked 
|  82|0x0000000087e00000, 0x0000000087e00000, 0x0000000087f00000|  0%| F|  |TAMS 0x0000000087e00000, 0x0000000087e00000| Untracked 
|  83|0x0000000087f00000, 0x0000000087f00000, 0x0000000088000000|  0%| F|  |TAMS 0x0000000087f00000, 0x0000000087f00000| Untracked 
|  84|0x0000000088000000, 0x0000000088000000, 0x0000000088100000|  0%| F|  |TAMS 0x0000000088000000, 0x0000000088000000| Untracked 
|  85|0x0000000088100000, 0x0000000088100000, 0x0000000088200000|  0%| F|  |TAMS 0x0000000088100000, 0x0000000088100000| Untracked 
|  86|0x0000000088200000, 0x0000000088200000, 0x0000000088300000|  0%| F|  |TAMS 0x0000000088200000, 0x0000000088200000| Untracked 
|  87|0x0000000088300000, 0x0000000088300000, 0x0000000088400000|  0%| F|  |TAMS 0x0000000088300000, 0x0000000088300000| Untracked 
|  88|0x0000000088400000, 0x0000000088400000, 0x0000000088500000|  0%| F|  |TAMS 0x0000000088400000, 0x0000000088400000| Untracked 
|  89|0x0000000088500000, 0x0000000088500000, 0x0000000088600000|  0%| F|  |TAMS 0x0000000088500000, 0x0000000088500000| Untracked 
|  90|0x0000000088600000, 0x0000000088600000, 0x0000000088700000|  0%| F|  |TAMS 0x0000000088600000, 0x0000000088600000| Untracked 
|  91|0x0000000088700000, 0x0000000088700000, 0x0000000088800000|  0%| F|  |TAMS 0x0000000088700000, 0x0000000088700000| Untracked 
|  92|0x0000000088800000, 0x0000000088800000, 0x0000000088900000|  0%| F|  |TAMS 0x0000000088800000, 0x0000000088800000| Untracked 
|  93|0x0000000088900000, 0x0000000088900000, 0x0000000088a00000|  0%| F|  |TAMS 0x0000000088900000, 0x0000000088900000| Untracked 
|  94|0x0000000088a00000, 0x0000000088a00000, 0x0000000088b00000|  0%| F|  |TAMS 0x0000000088a00000, 0x0000000088a00000| Untracked 
|  95|0x0000000088b00000, 0x0000000088b00000, 0x0000000088c00000|  0%| F|  |TAMS 0x0000000088b00000, 0x0000000088b00000| Untracked 
|  96|0x0000000088c00000, 0x0000000088c00000, 0x0000000088d00000|  0%| F|  |TAMS 0x0000000088c00000, 0x0000000088c00000| Untracked 
|  97|0x0000000088d00000, 0x0000000088d00000, 0x0000000088e00000|  0%| F|  |TAMS 0x0000000088d00000, 0x0000000088d00000| Untracked 
|  98|0x0000000088e00000, 0x0000000088e00000, 0x0000000088f00000|  0%| F|  |TAMS 0x0000000088e00000, 0x0000000088e00000| Untracked 
|  99|0x0000000088f00000, 0x0000000088f00000, 0x0000000089000000|  0%| F|  |TAMS 0x0000000088f00000, 0x0000000088f00000| Untracked 
| 100|0x0000000089000000, 0x0000000089000000, 0x0000000089100000|  0%| F|  |TAMS 0x0000000089000000, 0x0000000089000000| Untracked 
| 101|0x0000000089100000, 0x0000000089100000, 0x0000000089200000|  0%| F|  |TAMS 0x0000000089100000, 0x0000000089100000| Untracked 
| 102|0x0000000089200000, 0x0000000089200000, 0x0000000089300000|  0%| F|  |TAMS 0x0000000089200000, 0x0000000089200000| Untracked 
| 103|0x0000000089300000, 0x0000000089300000, 0x0000000089400000|  0%| F|  |TAMS 0x0000000089300000, 0x0000000089300000| Untracked 
| 104|0x0000000089400000, 0x0000000089400000, 0x0000000089500000|  0%| F|  |TAMS 0x0000000089400000, 0x0000000089400000| Untracked 
| 105|0x0000000089500000, 0x0000000089500000, 0x0000000089600000|  0%| F|  |TAMS 0x0000000089500000, 0x0000000089500000| Untracked 
| 106|0x0000000089600000, 0x0000000089600000, 0x0000000089700000|  0%| F|  |TAMS 0x0000000089600000, 0x0000000089600000| Untracked 
| 107|0x0000000089700000, 0x0000000089700000, 0x0000000089800000|  0%| F|  |TAMS 0x0000000089700000, 0x0000000089700000| Untracked 
| 108|0x0000000089800000, 0x0000000089800000, 0x0000000089900000|  0%| F|  |TAMS 0x0000000089800000, 0x0000000089800000| Untracked 
| 109|0x0000000089900000, 0x0000000089900000, 0x0000000089a00000|  0%| F|  |TAMS 0x0000000089900000, 0x0000000089900000| Untracked 
| 110|0x0000000089a00000, 0x0000000089a779e0, 0x0000000089b00000| 46%| E|  |TAMS 0x0000000089a00000, 0x0000000089a00000| Complete 
| 111|0x0000000089b00000, 0x0000000089c00000, 0x0000000089c00000|100%| E|CS|TAMS 0x0000000089b00000, 0x0000000089b00000| Complete 
| 112|0x0000000089c00000, 0x0000000089d00000, 0x0000000089d00000|100%| E|CS|TAMS 0x0000000089c00000, 0x0000000089c00000| Complete 
| 113|0x0000000089d00000, 0x0000000089e00000, 0x0000000089e00000|100%| E|CS|TAMS 0x0000000089d00000, 0x0000000089d00000| Complete 
| 114|0x0000000089e00000, 0x0000000089f00000, 0x0000000089f00000|100%| E|CS|TAMS 0x0000000089e00000, 0x0000000089e00000| Complete 
| 115|0x0000000089f00000, 0x000000008a000000, 0x000000008a000000|100%| E|CS|TAMS 0x0000000089f00000, 0x0000000089f00000| Complete 
| 116|0x000000008a000000, 0x000000008a100000, 0x000000008a100000|100%| E|CS|TAMS 0x000000008a000000, 0x000000008a000000| Complete 
| 117|0x000000008a100000, 0x000000008a200000, 0x000000008a200000|100%| E|CS|TAMS 0x000000008a100000, 0x000000008a100000| Complete 
| 118|0x000000008a200000, 0x000000008a300000, 0x000000008a300000|100%| E|CS|TAMS 0x000000008a200000, 0x000000008a200000| Complete 
| 119|0x000000008a300000, 0x000000008a400000, 0x000000008a400000|100%| E|CS|TAMS 0x000000008a300000, 0x000000008a300000| Complete 
| 120|0x000000008a400000, 0x000000008a500000, 0x000000008a500000|100%| E|CS|TAMS 0x000000008a400000, 0x000000008a400000| Complete 
| 121|0x000000008a500000, 0x000000008a600000, 0x000000008a600000|100%| E|CS|TAMS 0x000000008a500000, 0x000000008a500000| Complete 
| 122|0x000000008a600000, 0x000000008a700000, 0x000000008a700000|100%| E|CS|TAMS 0x000000008a600000, 0x000000008a600000| Complete 
| 123|0x000000008a700000, 0x000000008a800000, 0x000000008a800000|100%| E|CS|TAMS 0x000000008a700000, 0x000000008a700000| Complete 
| 124|0x000000008a800000, 0x000000008a900000, 0x000000008a900000|100%| E|CS|TAMS 0x000000008a800000, 0x000000008a800000| Complete 
| 125|0x000000008a900000, 0x000000008aa00000, 0x000000008aa00000|100%| E|CS|TAMS 0x000000008a900000, 0x000000008a900000| Complete 

Card table byte_map: [0x000001509b740000,0x000001509bb30000] _byte_map_base: 0x000001509b32a000

Marking Bits (Prev, Next): (CMBitMap*) 0x00000150828d2240, (CMBitMap*) 0x00000150828d2280
 Prev Bits: [0x000001509bf20000, 0x000001509de70000)
 Next Bits: [0x000001509de70000, 0x000001509fdc0000)

Polling page: 0x0000015082970000

Metaspace:

Usage:
  Non-class:      6.11 MB used.
      Class:    765.66 KB used.
       Both:      6.86 MB used.

Virtual space:
  Non-class space:        8.00 MB reserved,       6.19 MB ( 77%) committed,  1 nodes.
      Class space:        1.00 GB reserved,     896.00 KB ( <1%) committed,  1 nodes.
             Both:        1.01 GB reserved,       7.06 MB ( <1%) committed. 

Chunk freelists:
   Non-Class:  1.00 MB
       Class:  3.11 MB
        Both:  4.11 MB

MaxMetaspaceSize: unlimited
CompressedClassSpaceSize: 1.00 GB
Initial GC threshold: 21.00 MB
Current GC threshold: 21.00 MB
CDS: on
MetaspaceReclaimPolicy: balanced
 - commit_granule_bytes: 65536.
 - commit_granule_words: 8192.
 - virtual_space_node_default_size: 1048576.
 - enlarge_chunks_in_place: 1.
 - new_chunks_are_fully_committed: 0.
 - uncommit_free_chunks: 1.
 - use_allocation_guard: 0.
 - handle_deallocations: 1.


Internal statistics:

num_allocs_failed_limit: 0.
num_arena_births: 118.
num_arena_deaths: 0.
num_vsnodes_births: 2.
num_vsnodes_deaths: 0.
num_space_committed: 113.
num_space_uncommitted: 0.
num_chunks_returned_to_freelist: 0.
num_chunks_taken_from_freelist: 164.
num_chunk_merges: 0.
num_chunk_splits: 91.
num_chunks_enlarged: 26.
num_purges: 0.
num_inconsistent_stats: 0.

CodeHeap 'non-profiled nmethods': size=120000Kb used=231Kb max_used=231Kb free=119769Kb
 bounds [0x0000015093390000, 0x0000015093600000, 0x000001509a8c0000]
CodeHeap 'profiled nmethods': size=120000Kb used=1315Kb max_used=1315Kb free=118684Kb
 bounds [0x000001508be60000, 0x000001508c0d0000, 0x0000015093390000]
CodeHeap 'non-nmethods': size=5760Kb used=1252Kb max_used=1271Kb free=4507Kb
 bounds [0x000001508b8c0000, 0x000001508bb30000, 0x000001508be60000]
 total_blobs=1377 nmethods=804 adapters=486
 compilation: enabled
              stopped_count=0, restarted_count=0
 full_count=0

Compilation events (20 events):
Event: 0.389 Thread 0x00000150a283d550 nmethod 794 0x000001508bfa2b90 code [0x000001508bfa2d60, 0x000001508bfa3208]
Event: 0.393 Thread 0x00000150a283d550  795       3       java.awt.Component::getTreeLock (4 bytes)
Event: 0.393 Thread 0x00000150a283d550 nmethod 795 0x000001508bfa3390 code [0x000001508bfa3520, 0x000001508bfa3638]
Event: 0.393 Thread 0x00000150a283d550  798       3       jdk.internal.jimage.ImageReader::requireOpen (18 bytes)
Event: 0.393 Thread 0x00000150a283d550 nmethod 798 0x000001508bfa3710 code [0x000001508bfa38c0, 0x000001508bfa3ac8]
Event: 0.393 Thread 0x00000150a283d550  799       3       jdk.internal.jimage.BasicImageReader::getLocationIndex (52 bytes)
Event: 0.393 Thread 0x00000150a283d550 nmethod 799 0x000001508bfa3b90 code [0x000001508bfa3d80, 0x000001508bfa4218]
Event: 0.393 Thread 0x00000150a283d550  800       3       jdk.internal.jimage.ImageStringsReader::hashCode (8 bytes)
Event: 0.394 Thread 0x00000150a283d550 nmethod 800 0x000001508bfa4490 code [0x000001508bfa4640, 0x000001508bfa47f8]
Event: 0.394 Thread 0x00000150a283d550  796       3       jdk.internal.jimage.ImageStringsReader::match (11 bytes)
Event: 0.394 Thread 0x00000150a283d550 nmethod 796 0x000001508bfa4910 code [0x000001508bfa4ac0, 0x000001508bfa4c88]
Event: 0.394 Thread 0x00000150a283d550  797       3       jdk.internal.jimage.BasicImageReader::match (37 bytes)
Event: 0.394 Thread 0x00000150a283d550 nmethod 797 0x000001508bfa4d90 code [0x000001508bfa4f40, 0x000001508bfa5198]
Event: 0.394 Thread 0x00000150a283d550  801 %     3       sun.awt.image.PNGImageDecoder::update_crc @ 3 (41 bytes)
Event: 0.394 Thread 0x00000150a283d550 nmethod 801% 0x000001508bfa5290 code [0x000001508bfa5440, 0x000001508bfa56b8]
Event: 0.396 Thread 0x00000150a283d550  802       3       sun.awt.image.PNGImageDecoder::update_crc (41 bytes)
Event: 0.397 Thread 0x00000150a283d550 nmethod 802 0x000001508bfa5810 code [0x000001508bfa59c0, 0x000001508bfa5bb8]
Event: 0.398 Thread 0x00000150a283d550  803       3       sun.awt.AWTAccessor::getComponentAccessor (15 bytes)
Event: 0.398 Thread 0x00000150a283d550 nmethod 803 0x000001508bfa5d10 code [0x000001508bfa5f00, 0x000001508bfa62a8]
Event: 0.398 Thread 0x00000150a283d550  805   !   3       javax.swing.UIDefaults::getFromHashtable (239 bytes)

GC Heap History (0 events):
No events

Deoptimization events (20 events):
Event: 0.342 Thread 0x0000015082893290 Uncommon trap: trap_request=0xffffffde fr.pc=0x00000150933c0820 relative=0x0000000000000460
Event: 0.342 Thread 0x0000015082893290 Uncommon trap: reason=class_check action=maybe_recompile pc=0x00000150933c0820 method=java.util.HashMap.getNode(Ljava/lang/Object;)Ljava/util/HashMap$Node; @ 128 c2
Event: 0.342 Thread 0x0000015082893290 DEOPT PACKING pc=0x00000150933c0820 sp=0x000000095c2fea10
Event: 0.342 Thread 0x0000015082893290 DEOPT UNPACKING pc=0x000001508b9123a3 sp=0x000000095c2fe988 mode 2
Event: 0.352 Thread 0x0000015082893290 Uncommon trap: trap_request=0xffffff45 fr.pc=0x00000150933a3e10 relative=0x0000000000000190
Event: 0.352 Thread 0x0000015082893290 Uncommon trap: reason=unstable_if action=reinterpret pc=0x00000150933a3e10 method=java.lang.String.equals(Ljava/lang/Object;)Z @ 33 c2
Event: 0.352 Thread 0x0000015082893290 DEOPT PACKING pc=0x00000150933a3e10 sp=0x000000095c2fef40
Event: 0.352 Thread 0x0000015082893290 DEOPT UNPACKING pc=0x000001508b9123a3 sp=0x000000095c2feee0 mode 2
Event: 0.382 Thread 0x00000150a3798aa0 DEOPT PACKING pc=0x000001508bf7a134 sp=0x000000095d9ff1d0
Event: 0.382 Thread 0x00000150a3798aa0 DEOPT UNPACKING pc=0x000001508b912b43 sp=0x000000095d9fe640 mode 0
Event: 0.382 Thread 0x00000150a3798aa0 DEOPT PACKING pc=0x000001508bf7a134 sp=0x000000095d9ff1d0
Event: 0.382 Thread 0x00000150a3798aa0 DEOPT UNPACKING pc=0x000001508b912b43 sp=0x000000095d9fe640 mode 0
Event: 0.391 Thread 0x00000150a3798aa0 DEOPT PACKING pc=0x000001508bf7a134 sp=0x000000095d9ff1d0
Event: 0.391 Thread 0x00000150a3798aa0 DEOPT UNPACKING pc=0x000001508b912b43 sp=0x000000095d9fe640 mode 0
Event: 0.392 Thread 0x00000150a3798aa0 DEOPT PACKING pc=0x000001508bf7a134 sp=0x000000095d9ff1d0
Event: 0.392 Thread 0x00000150a3798aa0 DEOPT UNPACKING pc=0x000001508b912b43 sp=0x000000095d9fe640 mode 0
Event: 0.395 Thread 0x00000150a37e0b00 DEOPT PACKING pc=0x000001508bf7a134 sp=0x000000095daff260
Event: 0.395 Thread 0x00000150a37e0b00 DEOPT UNPACKING pc=0x000001508b912b43 sp=0x000000095dafe6d0 mode 0
Event: 0.398 Thread 0x00000150a3798aa0 DEOPT PACKING pc=0x000001508bf7a134 sp=0x000000095d9ff1d0
Event: 0.398 Thread 0x00000150a3798aa0 DEOPT UNPACKING pc=0x000001508b912b43 sp=0x000000095d9fe640 mode 0

Classes unloaded (0 events):
No events

Classes redefined (0 events):
No events

Internal exceptions (19 events):
Event: 0.052 Thread 0x0000015082893290 Exception <a 'sun/nio/fs/WindowsException'{0x000000008a8400d0}> (0x000000008a8400d0) 
thrown [t:\workspace\open\src\hotspot\share\prims\jni.cpp, line 516]
Event: 0.052 Thread 0x0000015082893290 Exception <a 'sun/nio/fs/WindowsException'{0x000000008a840658}> (0x000000008a840658) 
thrown [t:\workspace\open\src\hotspot\share\prims\jni.cpp, line 516]
Event: 0.053 Thread 0x0000015082893290 Exception <a 'sun/nio/fs/WindowsException'{0x000000008a842b40}> (0x000000008a842b40) 
thrown [t:\workspace\open\src\hotspot\share\prims\jni.cpp, line 516]
Event: 0.054 Thread 0x0000015082893290 Exception <a 'sun/nio/fs/WindowsException'{0x000000008a843658}> (0x000000008a843658) 
thrown [t:\workspace\open\src\hotspot\share\prims\jni.cpp, line 516]
Event: 0.081 Thread 0x0000015082893290 Exception <a 'java/lang/ClassNotFoundException'{0x000000008a70f908}: sun/awt/resources/spi/awtProvider> (0x000000008a70f908) 
thrown [t:\workspace\open\src\hotspot\share\classfile\systemDictionary.cpp, line 256]
Event: 0.097 Thread 0x0000015082893290 Exception <a 'java/io/FileNotFoundException'{0x000000008a7629d8}> (0x000000008a7629d8) 
thrown [t:\workspace\open\src\hotspot\share\prims\jni.cpp, line 516]
Event: 0.102 Thread 0x0000015082893290 Exception <a 'java/io/FileNotFoundException'{0x000000008a790000}> (0x000000008a790000) 
thrown [t:\workspace\open\src\hotspot\share\prims\jni.cpp, line 516]
Event: 0.130 Thread 0x0000015082893290 Exception <a 'java/lang/NoSuchMethodError'{0x000000008a7d3fe8}: 'java.lang.Object java.lang.invoke.DirectMethodHandle$Holder.invokeStaticInit(java.lang.Object)'> (0x000000008a7d3fe8) 
thrown [t:\workspace\open\src\hotspot\share\interpreter\linkResolver.cpp, line 766]
Event: 0.161 Thread 0x0000015082893290 Exception <a 'java/lang/NoSuchMethodError'{0x000000008a6317d8}: 'void java.lang.invoke.DirectMethodHandle$Holder.invokeSpecial(java.lang.Object, java.lang.Object, java.lang.Object)'> (0x000000008a6317d8) 
thrown [t:\workspace\open\src\hotspot\share\interpreter\linkResolver.cpp, line 766]
Event: 0.169 Thread 0x0000015082893290 Exception <a 'java/lang/NoSuchMethodError'{0x000000008a65ba10}: 'java.lang.Object java.lang.invoke.DirectMethodHandle$Holder.newInvokeSpecial(java.lang.Object, java.lang.Object, java.lang.Object, java.lang.Object, java.lang.Object)'> (0x000000008a65ba10) 
thrown [t:\workspace\open\src\hotspot\share\interpreter\linkResolver.cpp, line 766]
Event: 0.171 Thread 0x0000015082893290 Exception <a 'java/lang/NoSuchMethodError'{0x000000008a6673d8}: 'java.lang.Object java.lang.invoke.DirectMethodHandle$Holder.invokeStatic(java.lang.Object, int, java.lang.Object, java.lang.Object, java.lang.Object, java.lang.Object)'> (0x000000008a6673d8) 
thrown [t:\workspace\open\src\hotspot\share\interpreter\linkResolver.cpp, line 766]
Event: 0.175 Thread 0x0000015082893290 Exception <a 'java/lang/NoSuchMethodError'{0x000000008a68cde8}: 'java.lang.Object java.lang.invoke.DirectMethodHandle$Holder.invokeStatic(java.lang.Object, int, java.lang.Object)'> (0x000000008a68cde8) 
thrown [t:\workspace\open\src\hotspot\share\interpreter\linkResolver.cpp, line 766]
Event: 0.194 Thread 0x0000015082893290 Exception <a 'java/lang/ClassNotFoundException'{0x000000008a544e10}: com/sun/swing/internal/plaf/metal/resources/spi/metalProvider> (0x000000008a544e10) 
thrown [t:\workspace\open\src\hotspot\share\classfile\systemDictionary.cpp, line 256]
Event: 0.194 Thread 0x0000015082893290 Exception <a 'java/lang/ClassNotFoundException'{0x000000008a548cb8}: com/sun/swing/internal/plaf/basic/resources/spi/basicProvider> (0x000000008a548cb8) 
thrown [t:\workspace\open\src\hotspot\share\classfile\systemDictionary.cpp, line 256]
Event: 0.208 Thread 0x00000150a36d33d0 Exception <a 'java/lang/NoSuchMethodError'{0x000000008a581a70}: 'void java.lang.invoke.DirectMethodHandle$Holder.invokeVirtual(java.lang.Object, java.lang.Object)'> (0x000000008a581a70) 
thrown [t:\workspace\open\src\hotspot\share\interpreter\linkResolver.cpp, line 766]
Event: 0.220 Thread 0x0000015082893290 Exception <a 'java/lang/NoSuchMethodError'{0x000000008a40cef8}: 'void java.lang.invoke.DirectMethodHandle$Holder.invokeStaticInit(java.lang.Object)'> (0x000000008a40cef8) 
thrown [t:\workspace\open\src\hotspot\share\interpreter\linkResolver.cpp, line 766]
Event: 0.332 Thread 0x00000150a3798aa0 Exception <a 'java/lang/NoSuchMethodError'{0x000000008a3e5b78}: 'java.lang.Object java.lang.invoke.DirectMethodHandle$Holder.newInvokeSpecial(java.lang.Object, java.lang.Object, java.lang.Object, int, int, int, int, int)'> (0x000000008a3e5b78) 
thrown [t:\workspace\open\src\hotspot\share\interpreter\linkResolver.cpp, line 766]
Event: 0.334 Thread 0x00000150a3798aa0 Exception <a 'sun/awt/image/ImageFormatException'{0x000000008a3f2060}: Insufficient memory (case 4)> (0x000000008a3f2060) 
thrown [t:\workspace\open\src\hotspot\share\prims\jni.cpp, line 535]
Event: 0.337 Thread 0x00000150a3798aa0 Exception <a 'sun/awt/image/ImageFormatException'{0x000000008a3faa80}: Insufficient memory (case 4)> (0x000000008a3faa80) 
thrown [t:\workspace\open\src\hotspot\share\prims\jni.cpp, line 535]

VM Operations (6 events):
Event: 0.054 Executing VM operation: HandshakeAllThreads
Event: 0.054 Executing VM operation: HandshakeAllThreads done
Event: 0.213 Executing VM operation: HandshakeAllThreads
Event: 0.213 Executing VM operation: HandshakeAllThreads done
Event: 0.236 Executing VM operation: HandshakeAllThreads
Event: 0.236 Executing VM operation: HandshakeAllThreads done

Events (20 events):
Event: 0.364 loading class javax/swing/plaf/basic/BasicPopupMenuUI$BasicPopupMenuListener
Event: 0.364 loading class javax/swing/event/PopupMenuListener
Event: 0.364 loading class javax/swing/event/PopupMenuListener done
Event: 0.364 loading class javax/swing/plaf/basic/BasicPopupMenuUI$BasicPopupMenuListener done
Event: 0.364 loading class javax/swing/plaf/basic/BasicPopupMenuUI$BasicMenuKeyListener
Event: 0.364 loading class javax/swing/plaf/basic/BasicPopupMenuUI$BasicMenuKeyListener done
Event: 0.364 loading class javax/swing/plaf/basic/BasicPopupMenuUI$MouseGrabber
Event: 0.364 loading class javax/swing/plaf/basic/BasicPopupMenuUI$MouseGrabber done
Event: 0.364 loading class javax/swing/MenuSelectionManager
Event: 0.364 loading class javax/swing/MenuSelectionManager done
Event: 0.364 loading class javax/swing/plaf/basic/BasicPopupMenuUI$MenuKeyboardHelper
Event: 0.364 loading class javax/swing/plaf/basic/BasicPopupMenuUI$MenuKeyboardHelper done
Event: 0.364 loading class javax/swing/plaf/basic/BasicPopupMenuUI$MenuKeyboardHelper$1
Event: 0.364 loading class java/awt/event/FocusAdapter
Event: 0.364 loading class java/awt/event/FocusAdapter done
Event: 0.364 loading class javax/swing/plaf/basic/BasicPopupMenuUI$MenuKeyboardHelper$1 done
Event: 0.364 loading class javax/swing/JMenu$WinListener
Event: 0.365 loading class java/awt/event/WindowAdapter
Event: 0.365 loading class java/awt/event/WindowAdapter done
Event: 0.365 loading class javax/swing/JMenu$WinListener done


Dynamic libraries:
0x00007ff6b6800000 - 0x00007ff6b6810000 	C:\Program Files\Java\jdk-17.0.2\bin\java.exe
0x00007ff9e0630000 - 0x00007ff9e0825000 	C:\Windows\SYSTEM32\ntdll.dll
0x00007ff9bf640000 - 0x00007ff9bf656000 	C:\Program Files\Avast Software\Avast\aswhook.dll
0x00007ff9de790000 - 0x00007ff9de84d000 	C:\Windows\System32\KERNEL32.DLL
0x00007ff9ddef0000 - 0x00007ff9de1bd000 	C:\Windows\System32\KERNELBASE.dll
0x00007ff9de1c0000 - 0x00007ff9de2c0000 	C:\Windows\System32\ucrtbase.dll
0x00007ff9c42f0000 - 0x00007ff9c4308000 	C:\Program Files\Java\jdk-17.0.2\bin\jli.dll
0x00007ff9c3fa0000 - 0x00007ff9c3fba000 	C:\Program Files\Java\jdk-17.0.2\bin\VCRUNTIME140.dll
0x00007ff9de6e0000 - 0x00007ff9de78e000 	C:\Windows\System32\ADVAPI32.dll
0x00007ff9e04a0000 - 0x00007ff9e053e000 	C:\Windows\System32\msvcrt.dll
0x00007ff9e0170000 - 0x00007ff9e020c000 	C:\Windows\System32\sechost.dll
0x00007ff9dfb90000 - 0x00007ff9dfcb5000 	C:\Windows\System32\RPCRT4.dll
0x00007ff9e0270000 - 0x00007ff9e0410000 	C:\Windows\System32\USER32.dll
0x00007ff9de650000 - 0x00007ff9de672000 	C:\Windows\System32\win32u.dll
0x00007ff9c2e20000 - 0x00007ff9c30ba000 	C:\Windows\WinSxS\amd64_microsoft.windows.common-controls_6595b64144ccf1df_6.0.19041.1110_none_60b5254171f9507e\COMCTL32.dll
0x00007ff9de8c0000 - 0x00007ff9de8ea000 	C:\Windows\System32\GDI32.dll
0x00007ff9de2f0000 - 0x00007ff9de3fb000 	C:\Windows\System32\gdi32full.dll
0x00007ff9de400000 - 0x00007ff9de49d000 	C:\Windows\System32\msvcp_win.dll
0x00007ff9d7030000 - 0x00007ff9d703a000 	C:\Windows\SYSTEM32\VERSION.dll
0x00007ff9dfb60000 - 0x00007ff9dfb90000 	C:\Windows\System32\IMM32.DLL
0x00007ff9c3f90000 - 0x00007ff9c3f9c000 	C:\Program Files\Java\jdk-17.0.2\bin\vcruntime140_1.dll
0x00007ff9a9bd0000 - 0x00007ff9a9c5d000 	C:\Program Files\Java\jdk-17.0.2\bin\msvcp140.dll
0x00007ff97f3a0000 - 0x00007ff97ff61000 	C:\Program Files\Java\jdk-17.0.2\bin\server\jvm.dll
0x00007ff9de8b0000 - 0x00007ff9de8b8000 	C:\Windows\System32\PSAPI.DLL
0x00007ff9c7820000 - 0x00007ff9c7829000 	C:\Windows\SYSTEM32\WSOCK32.dll
0x00007ff9c31e0000 - 0x00007ff9c3207000 	C:\Windows\SYSTEM32\WINMM.dll
0x00007ff9df0e0000 - 0x00007ff9df14b000 	C:\Windows\System32\WS2_32.dll
0x00007ff9dc620000 - 0x00007ff9dc632000 	C:\Windows\SYSTEM32\kernel.appcore.dll
0x00007ff9c3e20000 - 0x00007ff9c3e2a000 	C:\Program Files\Java\jdk-17.0.2\bin\jimage.dll
0x00007ff9db950000 - 0x00007ff9dbb34000 	C:\Windows\SYSTEM32\DBGHELP.DLL
0x00007ff9ca3c0000 - 0x00007ff9ca3ec000 	C:\Windows\SYSTEM32\dbgcore.DLL
0x00007ff9ddd40000 - 0x00007ff9dddc2000 	C:\Windows\System32\bcryptPrimitives.dll
0x00007ff9c3d90000 - 0x00007ff9c3db5000 	C:\Program Files\Java\jdk-17.0.2\bin\java.dll
0x00007ff9a9fe0000 - 0x00007ff9aa0b6000 	C:\Program Files\Java\jdk-17.0.2\bin\jsvml.dll
0x00007ff9de970000 - 0x00007ff9df0b4000 	C:\Windows\System32\SHELL32.dll
0x00007ff9dbe20000 - 0x00007ff9dc5b4000 	C:\Windows\SYSTEM32\windows.storage.dll
0x00007ff9df160000 - 0x00007ff9df4b4000 	C:\Windows\System32\combase.dll
0x00007ff9dd7a0000 - 0x00007ff9dd7cc000 	C:\Windows\SYSTEM32\Wldp.dll
0x00007ff9dfd90000 - 0x00007ff9dfe3d000 	C:\Windows\System32\SHCORE.dll
0x00007ff9de850000 - 0x00007ff9de8a5000 	C:\Windows\System32\shlwapi.dll
0x00007ff9ddc80000 - 0x00007ff9ddc9f000 	C:\Windows\SYSTEM32\profapi.dll
0x00007ff9c3de0000 - 0x00007ff9c3df9000 	C:\Program Files\Java\jdk-17.0.2\bin\net.dll
0x00007ff9c8590000 - 0x00007ff9c869a000 	C:\Windows\SYSTEM32\WINHTTP.dll
0x00007ff9dd500000 - 0x00007ff9dd56a000 	C:\Windows\system32\mswsock.dll
0x00007ff9c39e0000 - 0x00007ff9c39f6000 	C:\Program Files\Java\jdk-17.0.2\bin\nio.dll
0x00007ff9c3970000 - 0x00007ff9c3988000 	C:\Program Files\Java\jdk-17.0.2\bin\zip.dll
0x00007ff9a9dc0000 - 0x00007ff9a9f4f000 	C:\Program Files\Java\jdk-17.0.2\bin\awt.dll
0x00007ff9dfcc0000 - 0x00007ff9dfd8d000 	C:\Windows\System32\OLEAUT32.dll
0x00007ff9db1d0000 - 0x00007ff9db260000 	C:\Windows\SYSTEM32\apphelp.dll
0x00007ff9db660000 - 0x00007ff9db68f000 	C:\Windows\system32\DWMAPI.DLL
0x00007ff9db2c0000 - 0x00007ff9db35e000 	C:\Windows\system32\uxtheme.dll
0x00007ff9b1570000 - 0x00007ff9b1696000 	C:\Windows\system32\opengl32.dll
0x00007ff9b3110000 - 0x00007ff9b313c000 	C:\Windows\SYSTEM32\GLU32.dll
0x00007ff9dfe40000 - 0x00007ff9dff55000 	C:\Windows\System32\MSCTF.dll
0x00007ff9df4c0000 - 0x00007ff9df5ea000 	C:\Windows\System32\ole32.dll
0x00007ff9a8eb0000 - 0x00007ff9a8f39000 	C:\Program Files\Java\jdk-17.0.2\bin\freetype.dll
0x00007ff9a7e60000 - 0x00007ff9a7f08000 	C:\Program Files\Java\jdk-17.0.2\bin\fontmanager.dll
0x00007ff9bbd80000 - 0x00007ff9bbe79000 	C:\Windows\SYSTEM32\textinputframework.dll
0x00007ff9dafa0000 - 0x00007ff9db092000 	C:\Windows\System32\CoreMessaging.dll
0x00007ff9da7e0000 - 0x00007ff9dab3e000 	C:\Windows\System32\CoreUIComponents.dll
0x00007ff9dca40000 - 0x00007ff9dca73000 	C:\Windows\SYSTEM32\ntmarta.dll
0x00007ff9d9240000 - 0x00007ff9d9394000 	C:\Windows\SYSTEM32\wintypes.dll
0x00007ff9c1340000 - 0x00007ff9c136d000 	C:\Program Files\Java\jdk-17.0.2\bin\javajpeg.dll

dbghelp: loaded successfully - version: 4.0.5 - missing functions: none
symbol engine: initialized successfully - sym options: 0x614 - pdb path: .;C:\Program Files\Java\jdk-17.0.2\bin;C:\Windows\SYSTEM32;C:\Program Files\Avast Software\Avast;C:\Windows\WinSxS\amd64_microsoft.windows.common-controls_6595b64144ccf1df_6.0.19041.1110_none_60b5254171f9507e;C:\Program Files\Java\jdk-17.0.2\bin\server

VM Arguments:
jvm_args: -Dfile.encoding=UTF-8 --module-path=C:\Users\Igor\Documents\NetBeansProjects\Electricity Billing System\build\classes 
java_command: electricity.billing.system.Project
java_class_path (initial): C:\Users\Igor\Downloads\mysql-connector-java-8.0.28.jar;C:\Users\Igor\Documents\NetBeansProjects\Electricity Billing System\build\classes
Launcher Type: SUN_STANDARD

[Global flags]
     intx CICompilerCount                          = 4                                         {product} {ergonomic}
     uint ConcGCThreads                            = 2                                         {product} {ergonomic}
     uint G1ConcRefinementThreads                  = 8                                         {product} {ergonomic}
   size_t G1HeapRegionSize                         = 1048576                                   {product} {ergonomic}
    uintx GCDrainStackTargetSize                   = 64                                        {product} {ergonomic}
   size_t InitialHeapSize                          = 132120576                                 {product} {ergonomic}
   size_t MarkStackSize                            = 4194304                                   {product} {ergonomic}
   size_t MaxHeapSize                              = 2101346304                                {product} {ergonomic}
   size_t MaxNewSize                               = 1260388352                                {product} {ergonomic}
   size_t MinHeapDeltaBytes                        = 1048576                                   {product} {ergonomic}
   size_t MinHeapSize                              = 8388608                                   {product} {ergonomic}
    uintx NonNMethodCodeHeapSize                   = 5839372                                {pd product} {ergonomic}
    uintx NonProfiledCodeHeapSize                  = 122909434                              {pd product} {ergonomic}
    uintx ProfiledCodeHeapSize                     = 122909434                              {pd product} {ergonomic}
    uintx ReservedCodeCacheSize                    = 251658240                              {pd product} {ergonomic}
     bool SegmentedCodeCache                       = true                                      {product} {ergonomic}
   size_t SoftMaxHeapSize                          = 2101346304                             {manageable} {ergonomic}
     bool UseCompressedClassPointers               = true                           {product lp64_product} {ergonomic}
     bool UseCompressedOops                        = true                           {product lp64_product} {ergonomic}
     bool UseG1GC                                  = true                                      {product} {ergonomic}
     bool UseLargePagesIndividualAllocation        = false                                  {pd product} {ergonomic}

Logging:
Log output configuration:
 #0: stdout all=warning uptime,level,tags
 #1: stderr all=off uptime,level,tags

Environment Variables:
PATH=C:\Program Files\Common Files\Oracle\Java\javapath;C:\Program Files (x86)\Common Files\Oracle\Java\javapath;C:\Windows\system32;C:\Windows;C:\Windows\System32\Wbem;C:\Windows\System32\WindowsPowerShell\v1.0\;C:\Windows\System32\OpenSSH\;C:\Program Files\Git\cmd;C:\Users\Igor\AppData\Roaming\nvm;C:\Program Files\nodejs;C:\Program Files\nodejs\;C:\xampp\php;C:\composer;C:\Program Files\Java\jdk1.8.0_333\bin;C:\Program Files\Java\jdk-17.0.2\bin;C:\Users\Igor\Anaconda3;C:\Users\Igor\Anaconda3\Library\mingw-w64\bin;C:\Users\Igor\Anaconda3\Library\usr\bin;C:\Users\Igor\Anaconda3\Library\bin;C:\Users\Igor\Anaconda3\Scripts;C:\Users\Igor\AppData\Local\Microsoft\WindowsApps;C:\Users\Igor\AppData\Local\Programs\Microsoft VS Code\bin;C:\Users\Igor\AppData\Local\GitHubDesktop\bin;C:\Program Files\JetBrains\PyCharm 2021.3.1\bin;;C:\Users\Igor\AppData\Roaming\nvm;C:\Program Files\nodejs;C:\Users\Igor\AppData\Roaming\npm;C:\Users\Igor\AppData\Roaming\Composer\vendor\bin;C:\src\flutter\bin;C:\Program Files\Java\jdk1.8.0_333\bin;
USERNAME=Igor
OS=Windows_NT
PROCESSOR_IDENTIFIER=Intel64 Family 6 Model 142 Stepping 12, GenuineIntel



---------------  S Y S T E M  ---------------

OS:
 Windows 10 , 64 bit Build 19041 (10.0.19041.1706)
OS uptime: 17 days 4:46 hours

CPU: total 8 (initial active 8) (4 cores per cpu, 2 threads per core) family 6 model 142 stepping 12 microcode 0xca, cx8, cmov, fxsr, ht, mmx, 3dnowpref, sse, sse2, sse3, ssse3, sse4.1, sse4.2, popcnt, lzcnt, tsc, tscinvbit, avx, avx2, aes, erms, clmul, bmi1, bmi2, adx, fma, vzeroupper, clflush, clflushopt

Memory: 4k page, system-wide physical 8014M (620M free)
TotalPageFile size 32590M (AvailPageFile size 2M)
current process WorkingSet (physical memory assigned to process): 99M, peak: 99M
current process commit charge ("private bytes"): 229M, peak: 229M

vm_info: Java HotSpot(TM) 64-Bit Server VM (17.0.2+8-LTS-86) for windows-amd64 JRE (17.0.2+8-LTS-86), built on Dec  7 2021 21:51:03 by "mach5one" with MS VC++ 16.8 / 16.9 (VS2019)

END.
