#
# There is insufficient memory for the Java Runtime Environment to continue.
# Native memory allocation (malloc) failed to allocate 1048576 bytes for AllocateHeap
# Possible reasons:
#   The system is out of physical RAM or swap space
#   The process is running with CompressedOops enabled, and the Java Heap may be blocking the growth of the native heap
# Possible solutions:
#   Reduce memory load on the system
#   Increase physical memory or swap space
#   Check if swap backing store is full
#   Decrease Java heap size (-Xmx/-Xms)
#   Decrease number of Java threads
#   Decrease Java thread stack sizes (-Xss)
#   Set larger code cache with -XX:ReservedCodeCacheSize=
#   JVM is running with Unscaled Compressed Oops mode in which the Java heap is
#     placed in the first 4GB address space. The Java Heap base address is the
#     maximum limit for the native heap growth. Please use -XX:HeapBaseMinAddress
#     to set the Java Heap base and to place the Java Heap above 4GB virtual address.
# This output file may be truncated or incomplete.
#
#  Out of Memory Error (allocation.cpp:44), pid=23608, tid=7244
#
# JRE version:  (17.0.2+8) (build )
# Java VM: Java HotSpot(TM) 64-Bit Server VM (17.0.2+8-LTS-86, mixed mode, sharing, tiered, compressed oops, compressed class ptrs, g1 gc, windows-amd64)
# No core dump will be written. Minidumps are not enabled by default on client versions of Windows
#

---------------  S U M M A R Y ------------

Command Line: -Dfile.encoding=UTF-8 --module-path=C:\Users\Igor\Documents\NetBeansProjects\Electricity Billing System\build\classes electricity.billing.system.Project

Host: Intel(R) Core(TM) i5-10210U CPU @ 1.60GHz, 8 cores, 7G,  Windows 10 , 64 bit Build 19041 (10.0.19041.1706)
Time: Wed Jun  8 23:30:12 2022 Central European Daylight Time elapsed time: 0.008929 seconds (0d 0h 0m 0s)

---------------  T H R E A D  ---------------

Current thread (0x000002434b402780):  JavaThread "Unknown thread" [_thread_in_vm, id=7244, stack(0x000000d1a2e00000,0x000000d1a2f00000)]

Stack: [0x000000d1a2e00000,0x000000d1a2f00000]
Native frames: (J=compiled Java code, j=interpreted, Vv=VM code, C=native code)
V  [jvm.dll+0x670baa]
V  [jvm.dll+0x7cfcb4]
V  [jvm.dll+0x7d145e]
V  [jvm.dll+0x7d1ac3]
V  [jvm.dll+0x242bc5]
V  [jvm.dll+0xa4b93]
V  [jvm.dll+0x2d3c54]
V  [jvm.dll+0x7a188c]
V  [jvm.dll+0x365a91]
V  [jvm.dll+0x780d2c]
V  [jvm.dll+0x3e845f]
V  [jvm.dll+0x3e9f01]
C  [jli.dll+0x527b]
C  [ucrtbase.dll+0x21bb2]
C  [KERNEL32.DLL+0x17034]
C  [ntdll.dll+0x52651]


---------------  P R O C E S S  ---------------

Threads class SMR info:
_java_thread_list=0x00007ff97fe39858, length=0, elements={
}

Java Threads: ( => current thread )

Other Threads:

=>0x000002434b402780 (exited) JavaThread "Unknown thread" [_thread_in_vm, id=7244, stack(0x000000d1a2e00000,0x000000d1a2f00000)]

Threads with active compile tasks:

VM state: not at safepoint (not fully initialized)

VM Mutex/Monitor currently owned by a thread: None

Heap address: 0x0000000000000000, size: 0 MB, Compressed Oops mode: 32-bit

CDS archive(s) mapped at: [0x0000000000000000-0x0000000000000000-0x0000000000000000), size 0, SharedBaseAddress: 0x0000000800000000, ArchiveRelocationMode: 0.
Narrow klass base: 0x0000000000000000, Narrow klass shift: 0, Narrow klass range: 0x0

GC Precious Log:
<Empty>

GC Heap History (0 events):
No events

Deoptimization events (0 events):
No events

Classes unloaded (0 events):
No events

Classes redefined (0 events):
No events

Internal exceptions (0 events):
No events

VM Operations (0 events):
No events

Events (1 events):
Event: 0.005 Loaded shared library C:\Program Files\Java\jdk-17.0.2\bin\java.dll


Dynamic libraries:
0x00007ff6b6800000 - 0x00007ff6b6810000 	C:\Program Files\Java\jdk-17.0.2\bin\java.exe
0x00007ff9e0630000 - 0x00007ff9e0825000 	C:\Windows\SYSTEM32\ntdll.dll
0x00007ff9bf640000 - 0x00007ff9bf656000 	C:\Program Files\Avast Software\Avast\aswhook.dll
0x00007ff9de790000 - 0x00007ff9de84d000 	C:\Windows\System32\KERNEL32.DLL
0x00007ff9ddef0000 - 0x00007ff9de1bd000 	C:\Windows\System32\KERNELBASE.dll
0x00007ff9de1c0000 - 0x00007ff9de2c0000 	C:\Windows\System32\ucrtbase.dll
0x00007ff9c42f0000 - 0x00007ff9c4308000 	C:\Program Files\Java\jdk-17.0.2\bin\jli.dll
0x00007ff9c3fa0000 - 0x00007ff9c3fba000 	C:\Program Files\Java\jdk-17.0.2\bin\VCRUNTIME140.dll
0x00007ff9de6e0000 - 0x00007ff9de78e000 	C:\Windows\System32\ADVAPI32.dll
0x00007ff9e04a0000 - 0x00007ff9e053e000 	C:\Windows\System32\msvcrt.dll
0x00007ff9e0170000 - 0x00007ff9e020c000 	C:\Windows\System32\sechost.dll
0x00007ff9dfb90000 - 0x00007ff9dfcb5000 	C:\Windows\System32\RPCRT4.dll
0x00007ff9e0270000 - 0x00007ff9e0410000 	C:\Windows\System32\USER32.dll
0x00007ff9de650000 - 0x00007ff9de672000 	C:\Windows\System32\win32u.dll
0x00007ff9de8c0000 - 0x00007ff9de8ea000 	C:\Windows\System32\GDI32.dll
0x00007ff9c2e20000 - 0x00007ff9c30ba000 	C:\Windows\WinSxS\amd64_microsoft.windows.common-controls_6595b64144ccf1df_6.0.19041.1110_none_60b5254171f9507e\COMCTL32.dll
0x00007ff9de2f0000 - 0x00007ff9de3fb000 	C:\Windows\System32\gdi32full.dll
0x00007ff9de400000 - 0x00007ff9de49d000 	C:\Windows\System32\msvcp_win.dll
0x00007ff9d7030000 - 0x00007ff9d703a000 	C:\Windows\SYSTEM32\VERSION.dll
0x00007ff9dfb60000 - 0x00007ff9dfb90000 	C:\Windows\System32\IMM32.DLL
0x00007ff9c3f90000 - 0x00007ff9c3f9c000 	C:\Program Files\Java\jdk-17.0.2\bin\vcruntime140_1.dll
0x00007ff9a9bd0000 - 0x00007ff9a9c5d000 	C:\Program Files\Java\jdk-17.0.2\bin\msvcp140.dll
0x00007ff97f3a0000 - 0x00007ff97ff61000 	C:\Program Files\Java\jdk-17.0.2\bin\server\jvm.dll
0x00007ff9de8b0000 - 0x00007ff9de8b8000 	C:\Windows\System32\PSAPI.DLL
0x00007ff9c7820000 - 0x00007ff9c7829000 	C:\Windows\SYSTEM32\WSOCK32.dll
0x00007ff9c31e0000 - 0x00007ff9c3207000 	C:\Windows\SYSTEM32\WINMM.dll
0x00007ff9df0e0000 - 0x00007ff9df14b000 	C:\Windows\System32\WS2_32.dll
0x00007ff9dc620000 - 0x00007ff9dc632000 	C:\Windows\SYSTEM32\kernel.appcore.dll
0x00007ff9c3e20000 - 0x00007ff9c3e2a000 	C:\Program Files\Java\jdk-17.0.2\bin\jimage.dll
0x00007ff9db950000 - 0x00007ff9dbb34000 	C:\Windows\SYSTEM32\DBGHELP.DLL
0x00007ff9ca3c0000 - 0x00007ff9ca3ec000 	C:\Windows\SYSTEM32\dbgcore.DLL
0x00007ff9ddd40000 - 0x00007ff9dddc2000 	C:\Windows\System32\bcryptPrimitives.dll
0x00007ff9c3d90000 - 0x00007ff9c3db5000 	C:\Program Files\Java\jdk-17.0.2\bin\java.dll

dbghelp: loaded successfully - version: 4.0.5 - missing functions: none
symbol engine: initialized successfully - sym options: 0x614 - pdb path: .;C:\Program Files\Java\jdk-17.0.2\bin;C:\Windows\SYSTEM32;C:\Program Files\Avast Software\Avast;C:\Windows\WinSxS\amd64_microsoft.windows.common-controls_6595b64144ccf1df_6.0.19041.1110_none_60b5254171f9507e;C:\Program Files\Java\jdk-17.0.2\bin\server

VM Arguments:
jvm_args: -Dfile.encoding=UTF-8 --module-path=C:\Users\Igor\Documents\NetBeansProjects\Electricity Billing System\build\classes 
java_command: electricity.billing.system.Project
java_class_path (initial): C:\Users\Igor\Downloads\mysql-connector-java-8.0.28.jar;C:\Users\Igor\Documents\NetBeansProjects\Electricity Billing System\build\classes
Launcher Type: SUN_STANDARD

[Global flags]
     intx CICompilerCount                          = 4                                         {product} {ergonomic}
     uint ConcGCThreads                            = 2                                         {product} {ergonomic}
     uint G1ConcRefinementThreads                  = 8                                         {product} {ergonomic}
   size_t G1HeapRegionSize                         = 1048576                                   {product} {ergonomic}
    uintx GCDrainStackTargetSize                   = 64                                        {product} {ergonomic}
   size_t InitialHeapSize                          = 132120576                                 {product} {ergonomic}
   size_t MarkStackSize                            = 4194304                                   {product} {ergonomic}
   size_t MaxHeapSize                              = 2101346304                                {product} {ergonomic}
   size_t MinHeapDeltaBytes                        = 1048576                                   {product} {ergonomic}
   size_t MinHeapSize                              = 8388608                                   {product} {ergonomic}
    uintx NonNMethodCodeHeapSize                   = 5839372                                {pd product} {ergonomic}
    uintx NonProfiledCodeHeapSize                  = 122909434                              {pd product} {ergonomic}
    uintx ProfiledCodeHeapSize                     = 122909434                              {pd product} {ergonomic}
    uintx ReservedCodeCacheSize                    = 251658240                              {pd product} {ergonomic}
     bool SegmentedCodeCache                       = true                                      {product} {ergonomic}
   size_t SoftMaxHeapSize                          = 2101346304                             {manageable} {ergonomic}
     bool UseCompressedClassPointers               = true                           {product lp64_product} {ergonomic}
     bool UseCompressedOops                        = true                           {product lp64_product} {ergonomic}
     bool UseG1GC                                  = true                                      {product} {ergonomic}
     bool UseLargePagesIndividualAllocation        = false                                  {pd product} {ergonomic}

Logging:
Log output configuration:
 #0: stdout all=warning uptime,level,tags
 #1: stderr all=off uptime,level,tags

Environment Variables:
PATH=C:\Program Files\Common Files\Oracle\Java\javapath;C:\Program Files (x86)\Common Files\Oracle\Java\javapath;C:\Windows\system32;C:\Windows;C:\Windows\System32\Wbem;C:\Windows\System32\WindowsPowerShell\v1.0\;C:\Windows\System32\OpenSSH\;C:\Program Files\Git\cmd;C:\Users\Igor\AppData\Roaming\nvm;C:\Program Files\nodejs;C:\Program Files\nodejs\;C:\xampp\php;C:\composer;C:\Program Files\Java\jdk1.8.0_333\bin;C:\Program Files\Java\jdk-17.0.2\bin;C:\Users\Igor\Anaconda3;C:\Users\Igor\Anaconda3\Library\mingw-w64\bin;C:\Users\Igor\Anaconda3\Library\usr\bin;C:\Users\Igor\Anaconda3\Library\bin;C:\Users\Igor\Anaconda3\Scripts;C:\Users\Igor\AppData\Local\Microsoft\WindowsApps;C:\Users\Igor\AppData\Local\Programs\Microsoft VS Code\bin;C:\Users\Igor\AppData\Local\GitHubDesktop\bin;C:\Program Files\JetBrains\PyCharm 2021.3.1\bin;;C:\Users\Igor\AppData\Roaming\nvm;C:\Program Files\nodejs;C:\Users\Igor\AppData\Roaming\npm;C:\Users\Igor\AppData\Roaming\Composer\vendor\bin;C:\src\flutter\bin;C:\Program Files\Java\jdk1.8.0_333\bin;
USERNAME=Igor
OS=Windows_NT
PROCESSOR_IDENTIFIER=Intel64 Family 6 Model 142 Stepping 12, GenuineIntel



---------------  S Y S T E M  ---------------

OS:
 Windows 10 , 64 bit Build 19041 (10.0.19041.1706)
OS uptime: 17 days 4:29 hours

CPU: total 8 (initial active 8) (4 cores per cpu, 2 threads per core) family 6 model 142 stepping 12 microcode 0xca, cx8, cmov, fxsr, ht, mmx, 3dnowpref, sse, sse2, sse3, ssse3, sse4.1, sse4.2, popcnt, lzcnt, tsc, tscinvbit, avx, avx2, aes, erms, clmul, bmi1, bmi2, adx, fma, vzeroupper, clflush, clflushopt

Memory: 4k page, system-wide physical 8014M (1197M free)
TotalPageFile size 32590M (AvailPageFile size 5M)
current process WorkingSet (physical memory assigned to process): 9M, peak: 9M
current process commit charge ("private bytes"): 15M, peak: 16M

vm_info: Java HotSpot(TM) 64-Bit Server VM (17.0.2+8-LTS-86) for windows-amd64 JRE (17.0.2+8-LTS-86), built on Dec  7 2021 21:51:03 by "mach5one" with MS VC++ 16.8 / 16.9 (VS2019)

END.
